Build started 12/6/2010 7:43:03 PM.
     1>Project "C:\The Ultima VI Online Project\c drive\c source\VC-files\u6o7.vcxproj" on node 3 (build target(s)).
     1>InitializeBuildStatus:
         Touching "Debug\u6o7.unsuccessfulbuild".
       ClCompile:
         C:\Program Files (x86)\Microsoft Visual Studio 10.0\VC\bin\CL.exe /c /Iinclude /ZI /nologo /W1 /WX- /Od /Oy- /D WIN32 /D _DEBUG /D _WINDOWS /D HOST /D CLIENT /Gm /EHsc /RTC1 /MTd /GS /fp:precise /Zc:wchar_t /Zc:forScope /Fo"Debug\\" /Fd"Debug\vc100.pdb" /Gd /TP /analyze- /errorReport:prompt ..\data_both.cpp ..\data_host.cpp ..\dmusic.cpp ..\frame.cpp ..\function_both.cpp ..\function_host.cpp ..\house.cpp ..\myddraw.cpp ..\myfile.cpp ..\random\randi.cpp ..\random\random.cpp ..\spell_code\spell_code.cpp ..\stdafx.cpp ..\txt.cpp ..\u6o7.cpp ..\use_code\use_code.cpp
         use_code.cpp
         u6o7.cpp
     1>c:\the ultima vi online project\c drive\c source\dmusic.h(22): fatal error C1083: Cannot open include file: 'dmusici.h': No such file or directory
         txt.cpp
         stdafx.cpp
         spell_code.cpp
         random.cpp
         randi.cpp
         myfile.cpp
         myddraw.cpp
         house.cpp
         function_host.cpp
         function_both.cpp
         frame.cpp
         dmusic.cpp
     1>c:\the ultima vi online project\c drive\c source\dmusic.h(22): fatal error C1083: Cannot open include file: 'dmusici.h': No such file or directory
         data_host.cpp
         data_both.cpp
         Generating Code...
     1>Done Building Project "C:\The Ultima VI Online Project\c drive\c source\VC-files\u6o7.vcxproj" (build target(s)) -- FAILED.

Build FAILED.

Time Elapsed 00:00:09.07
