C:\The Ultima VI Online Project\c drive\c source\VC-files\Debug\cl.command.1.tlog
C:\The Ultima VI Online Project\c drive\c source\VC-files\Debug\CL.read.1.tlog
C:\The Ultima VI Online Project\c drive\c source\VC-files\Debug\CL.write.1.tlog
C:\THE ULTIMA VI ONLINE PROJECT\C DRIVE\C SOURCE\VC-FILES\DEBUG\DATA_BOTH.OBJ
C:\THE ULTIMA VI ONLINE PROJECT\C DRIVE\C SOURCE\VC-FILES\DEBUG\DATA_HOST.OBJ
C:\THE ULTIMA VI ONLINE PROJECT\C DRIVE\C SOURCE\VC-FILES\DEBUG\DMUSIC.OBJ
C:\THE ULTIMA VI ONLINE PROJECT\C DRIVE\C SOURCE\VC-FILES\DEBUG\FRAME.OBJ
C:\THE ULTIMA VI ONLINE PROJECT\C DRIVE\C SOURCE\VC-FILES\DEBUG\FUNCTION_BOTH.OBJ
C:\THE ULTIMA VI ONLINE PROJECT\C DRIVE\C SOURCE\VC-FILES\DEBUG\FUNCTION_HOST.OBJ
C:\THE ULTIMA VI ONLINE PROJECT\C DRIVE\C SOURCE\VC-FILES\DEBUG\HOUSE.OBJ
C:\The Ultima VI Online Project\c drive\c source\VC-files\Debug\link.command.1.tlog
C:\The Ultima VI Online Project\c drive\c source\VC-files\Debug\link.read.1.tlog
C:\The Ultima VI Online Project\c drive\c source\VC-files\Debug\link.write.1.tlog
C:\The Ultima VI Online Project\c drive\c source\VC-files\Debug\link-cvtres.read.1.tlog
C:\The Ultima VI Online Project\c drive\c source\VC-files\Debug\link-cvtres.write.1.tlog
C:\The Ultima VI Online Project\c drive\c source\VC-files\Debug\mt.command.1.tlog
C:\The Ultima VI Online Project\c drive\c source\VC-files\Debug\mt.read.1.tlog
C:\The Ultima VI Online Project\c drive\c source\VC-files\Debug\mt.write.1.tlog
C:\THE ULTIMA VI ONLINE PROJECT\C DRIVE\C SOURCE\VC-FILES\DEBUG\MYDDRAW.OBJ
C:\THE ULTIMA VI ONLINE PROJECT\C DRIVE\C SOURCE\VC-FILES\DEBUG\MYFILE.OBJ
C:\THE ULTIMA VI ONLINE PROJECT\C DRIVE\C SOURCE\VC-FILES\DEBUG\RANDI.OBJ
C:\THE ULTIMA VI ONLINE PROJECT\C DRIVE\C SOURCE\VC-FILES\DEBUG\RANDOM.OBJ
C:\The Ultima VI Online Project\c drive\c source\VC-files\Debug\rc.command.1.tlog
C:\The Ultima VI Online Project\c drive\c source\VC-files\Debug\rc.read.1.tlog
C:\The Ultima VI Online Project\c drive\c source\VC-files\Debug\rc.write.1.tlog
C:\THE ULTIMA VI ONLINE PROJECT\C DRIVE\C SOURCE\VC-FILES\DEBUG\SPELL_CODE.OBJ
C:\THE ULTIMA VI ONLINE PROJECT\C DRIVE\C SOURCE\VC-FILES\DEBUG\STDAFX.OBJ
C:\THE ULTIMA VI ONLINE PROJECT\C DRIVE\C SOURCE\VC-FILES\DEBUG\TXT.OBJ
C:\THE ULTIMA VI ONLINE PROJECT\C DRIVE\C SOURCE\VC-FILES\DEBUG\U6O7.OBJ
C:\THE ULTIMA VI ONLINE PROJECT\C DRIVE\C SOURCE\VC-FILES\DEBUG\U6O7.RES
C:\THE ULTIMA VI ONLINE PROJECT\C DRIVE\C SOURCE\VC-FILES\DEBUG\U6OH.EXE
C:\THE ULTIMA VI ONLINE PROJECT\C DRIVE\C SOURCE\VC-FILES\DEBUG\U6OH.EXE.INTERMEDIATE.MANIFEST
C:\THE ULTIMA VI ONLINE PROJECT\C DRIVE\C SOURCE\VC-FILES\DEBUG\U6OH.PDB
C:\THE ULTIMA VI ONLINE PROJECT\C DRIVE\C SOURCE\VC-FILES\DEBUG\USE_CODE.OBJ
C:\The Ultima VI Online Project\c drive\c source\VC-files\Debug\vc100.idb
C:\THE ULTIMA VI ONLINE PROJECT\C DRIVE\C SOURCE\VC-FILES\DEBUG\VC100.PDB
