c:\new\c source\vc-files\releaseinter\u6oh\vc140.pdb
c:\new\c source\vc-files\releaseinter\u6oh\xenkan.obj
c:\new\c source\vc-files\releaseinter\u6oh\use_code.obj
c:\new\c source\vc-files\releaseinter\u6oh\u6o7.obj
c:\new\c source\vc-files\releaseinter\u6oh\txt.obj
c:\new\c source\vc-files\releaseinter\u6oh\stdafx.obj
c:\new\c source\vc-files\releaseinter\u6oh\spell_code.obj
c:\new\c source\vc-files\releaseinter\u6oh\random.obj
c:\new\c source\vc-files\releaseinter\u6oh\randi.obj
c:\new\c source\vc-files\releaseinter\u6oh\myfile.obj
c:\new\c source\vc-files\releaseinter\u6oh\myddraw.obj
c:\new\c source\vc-files\releaseinter\u6oh\house.obj
c:\new\c source\vc-files\releaseinter\u6oh\function_host.obj
c:\new\c source\vc-files\releaseinter\u6oh\function_both.obj
c:\new\c source\vc-files\releaseinter\u6oh\frame.obj
c:\new\c source\vc-files\releaseinter\u6oh\dmusic.obj
c:\new\c source\vc-files\releaseinter\u6oh\data_host.obj
c:\new\c source\vc-files\releaseinter\u6oh\data_both.obj
c:\new\c source\vc-files\release\u6oh.exe
c:\new\c source\vc-files\release\u6oh.pdb
c:\new\c source\vc-files\releaseinter\u6oh\u6o7.res
c:\new\c source\vc-files\releaseinter\u6oh\u6oh.tlog\cl.command.1.tlog
c:\new\c source\vc-files\releaseinter\u6oh\u6oh.tlog\cl.read.1.tlog
c:\new\c source\vc-files\releaseinter\u6oh\u6oh.tlog\cl.write.1.tlog
c:\new\c source\vc-files\releaseinter\u6oh\u6oh.tlog\link.command.1.tlog
c:\new\c source\vc-files\releaseinter\u6oh\u6oh.tlog\link.read.1.tlog
c:\new\c source\vc-files\releaseinter\u6oh\u6oh.tlog\link.write.1.tlog
c:\new\c source\vc-files\releaseinter\u6oh\u6oh.tlog\rc.command.1.tlog
c:\new\c source\vc-files\releaseinter\u6oh\u6oh.tlog\rc.read.1.tlog
c:\new\c source\vc-files\releaseinter\u6oh\u6oh.tlog\rc.write.1.tlog
