c:\new\c source\vc-files\releaseinter\u6oclient2\vc140.pdb
c:\new\c source\vc-files\releaseinter\u6oclient2\xenkan.obj
c:\new\c source\vc-files\releaseinter\u6oclient2\u6o7.obj
c:\new\c source\vc-files\releaseinter\u6oclient2\txt.obj
c:\new\c source\vc-files\releaseinter\u6oclient2\stdafx.obj
c:\new\c source\vc-files\releaseinter\u6oclient2\sound.obj
c:\new\c source\vc-files\releaseinter\u6oclient2\random.obj
c:\new\c source\vc-files\releaseinter\u6oclient2\randi.obj
c:\new\c source\vc-files\releaseinter\u6oclient2\myfile.obj
c:\new\c source\vc-files\releaseinter\u6oclient2\myddraw.obj
c:\new\c source\vc-files\releaseinter\u6oclient2\function_client.obj
c:\new\c source\vc-files\releaseinter\u6oclient2\function_both.obj
c:\new\c source\vc-files\releaseinter\u6oclient2\frame.obj
c:\new\c source\vc-files\releaseinter\u6oclient2\dmusic.obj
c:\new\c source\vc-files\releaseinter\u6oclient2\data_client.obj
c:\new\c source\vc-files\releaseinter\u6oclient2\data_both.obj
c:\new\c source\vc-files\release\u6oclient2.exe
c:\new\c source\vc-files\release\u6oclient2.pdb
c:\new\c source\vc-files\releaseinter\u6oclient2\u6o7.res
c:\new\c source\vc-files\releaseinter\u6oclient2\u6oclient2.tlog\cl.command.1.tlog
c:\new\c source\vc-files\releaseinter\u6oclient2\u6oclient2.tlog\cl.read.1.tlog
c:\new\c source\vc-files\releaseinter\u6oclient2\u6oclient2.tlog\cl.write.1.tlog
c:\new\c source\vc-files\releaseinter\u6oclient2\u6oclient2.tlog\link.command.1.tlog
c:\new\c source\vc-files\releaseinter\u6oclient2\u6oclient2.tlog\link.read.1.tlog
c:\new\c source\vc-files\releaseinter\u6oclient2\u6oclient2.tlog\link.write.1.tlog
c:\new\c source\vc-files\releaseinter\u6oclient2\u6oclient2.tlog\rc.command.1.tlog
c:\new\c source\vc-files\releaseinter\u6oclient2\u6oclient2.tlog\rc.read.1.tlog
c:\new\c source\vc-files\releaseinter\u6oclient2\u6oclient2.tlog\rc.write.1.tlog
