c:\new\c source\vc-files\releaseinter\u6o7\vc140.pdb
c:\new\c source\vc-files\releaseinter\u6o7\xenkan.obj
c:\new\c source\vc-files\releaseinter\u6o7\use_code.obj
c:\new\c source\vc-files\releaseinter\u6o7\u6o7.obj
c:\new\c source\vc-files\releaseinter\u6o7\txt.obj
c:\new\c source\vc-files\releaseinter\u6o7\stdafx.obj
c:\new\c source\vc-files\releaseinter\u6o7\spell_code.obj
c:\new\c source\vc-files\releaseinter\u6o7\sound.obj
c:\new\c source\vc-files\releaseinter\u6o7\random.obj
c:\new\c source\vc-files\releaseinter\u6o7\randi.obj
c:\new\c source\vc-files\releaseinter\u6o7\myfile.obj
c:\new\c source\vc-files\releaseinter\u6o7\myddraw.obj
c:\new\c source\vc-files\releaseinter\u6o7\house.obj
c:\new\c source\vc-files\releaseinter\u6o7\function_host.obj
c:\new\c source\vc-files\releaseinter\u6o7\function_client.obj
c:\new\c source\vc-files\releaseinter\u6o7\function_both.obj
c:\new\c source\vc-files\releaseinter\u6o7\frame.obj
c:\new\c source\vc-files\releaseinter\u6o7\dmusic.obj
c:\new\c source\vc-files\releaseinter\u6o7\data_host.obj
c:\new\c source\vc-files\releaseinter\u6o7\data_client.obj
c:\new\c source\vc-files\releaseinter\u6o7\data_both.obj
c:\new\c source\vc-files\release\u6o7.exe
c:\new\c source\vc-files\release\u6o7.pdb
c:\new\c source\vc-files\releaseinter\u6o7\u6o7.res
c:\new\c source\vc-files\releaseinter\u6o7\u6o7.tlog\cl.command.1.tlog
c:\new\c source\vc-files\releaseinter\u6o7\u6o7.tlog\cl.read.1.tlog
c:\new\c source\vc-files\releaseinter\u6o7\u6o7.tlog\cl.write.1.tlog
c:\new\c source\vc-files\releaseinter\u6o7\u6o7.tlog\link.command.1.tlog
c:\new\c source\vc-files\releaseinter\u6o7\u6o7.tlog\link.read.1.tlog
c:\new\c source\vc-files\releaseinter\u6o7\u6o7.tlog\link.write.1.tlog
c:\new\c source\vc-files\releaseinter\u6o7\u6o7.tlog\rc.command.1.tlog
c:\new\c source\vc-files\releaseinter\u6o7\u6o7.tlog\rc.read.1.tlog
c:\new\c source\vc-files\releaseinter\u6o7\u6o7.tlog\rc.write.1.tlog
